<?xml version="1.0" encoding="UTF-8"?>
<testsuite xmlns:xsi="http://www.w3.org/2001/XMLSchema-instance" xsi:noNamespaceSchemaLocation="https://maven.apache.org/surefire/maven-surefire-plugin/xsd/surefire-test-report-3.0.xsd" version="3.0" name="com.example.playwrightdemo.RunCucumberTest" time="357.653" tests="4" errors="0" skipped="0" failures="0">
  <properties>
[...]
</properties>
  <testcase name="CommercialAutoPolicy" classname="CommercialAuto" time="115.103"/>
  <testcase name="General Liability policy" classname="General Liability" time="68.44">
    <system-out><![CDATA[User selects General Liability
User selects Offering Selection
User clicks on Next
User enters answers for questions
User clicks on Next
User enters all mandatory value in Policy info
User clicks on Additional Coverages
User adds Additional Coverages and additional details
User clicks Next on Location page
User clicks on next Exposure page
User adds GL experience modifier
User adds Location - Inside Premises
User adds justification for Location - Inside Premises
User adds Safety Organization
User adds justification for Safety Organization
User clicks on next Modifier page
User clicks on Add Contingency
User adds title
User adds description
User adds action
User adds due date
User clicks OK
User clicks next on Risk Analysis
User clicks Close Options
User clicks Withdraw
]]></system-out>
  </testcase>
  <testcase name="PersonalAutoPolicy" classname="PersonalAuto" time="81.482"/>
  <testcase name="Workers Compensation policy" classname="Workers Compensation" time="92.19">
    <system-out><![CDATA[Navigated to Workers Compensation URL
User entered username for workers compensation
Entered the password
User is logged in for workers compensation
User clicked new submission
User clicks on Workers Compensation
User enters answers in Qualification page
User clicks Next on Qualification page
User enters all mandatory value in Policy info
User enters Datequote
User enters Official ID
User clicks Next on Policy Info page
User clicks Next on Location page
User clicks Add Class on WC Coverage page
User selects location
User enters class code
User enters employee description
User enters basic amount
User clicks Next on WC Coverage
User enters answers for all questions
User clicks Next on Supplemental
User clicks on Add Option
User clicks on Federal Liability
User enters value on Federal Liability class
User enters value on Federal Liability class
User enters value on Federal Liability class code
User enters value on Federal Liability basic amount
User clicks on Next
User clicks on Add Contingency
User adds details to contingency
User adds due date to contingency
User clicks on Next
User clicks on Close Options
User clicks on Withdraw
]]></system-out>
  </testcase>
</testsuite>